<?xml version='1.0' encoding='UTF-8'?>
<result plugin="junit@1.20">
  <suites>
    <suite>
      <file>/var/lib/jenkins/workspace/iTrust-Fuzzer/iTrust/target/surefire-reports/TEST-edu.ncsu.csc.itrust.logger.TransactionLoggerTest.xml</file>
      <name>edu.ncsu.csc.itrust.logger.TransactionLoggerTest</name>
      <duration>0.35</duration>
      <time>0.35</time>
      <cases>
        <case>
          <duration>0.349</duration>
          <className>edu.ncsu.csc.itrust.logger.TransactionLoggerTest</className>
          <testName>testLogTransaction</testName>
          <skipped>false</skipped>
          <failedSince>0</failedSince>
        </case>
        <case>
          <duration>0.001</duration>
          <className>edu.ncsu.csc.itrust.logger.TransactionLoggerTest</className>
          <testName>testGetInstance</testName>
          <skipped>false</skipped>
          <failedSince>0</failedSince>
        </case>
      </cases>
    </suite>
    <suite>
      <file>/var/lib/jenkins/workspace/iTrust-Fuzzer/iTrust/target/surefire-reports/TEST-edu.ncsu.csc.itrust.model.labtechnician.LabTechnicianControllerTest.xml</file>
      <name>edu.ncsu.csc.itrust.model.labtechnician.LabTechnicianControllerTest</name>
      <duration>11.54</duration>
      <time>11.54</time>
      <cases>
        <case>
          <duration>11.527</duration>
          <className>edu.ncsu.csc.itrust.model.labtechnician.LabTechnicianControllerTest</className>
          <testName>testGetLabTechnicianStatusMID</testName>
          <skipped>false</skipped>
          <failedSince>0</failedSince>
        </case>
      </cases>
    </suite>
    <suite>
      <file>/var/lib/jenkins/workspace/iTrust-Fuzzer/iTrust/target/surefire-reports/TEST-edu.ncsu.csc.itrust.unit.BeanBuilderTest.xml</file>
      <name>edu.ncsu.csc.itrust.unit.BeanBuilderTest</name>
      <duration>0.032</duration>
      <time>0.032</time>
      <cases>
        <case>
          <duration>0.02</duration>
          <className>edu.ncsu.csc.itrust.unit.BeanBuilderTest</className>
          <testName>testEmptyPatientDateOfBirth</testName>
          <skipped>false</skipped>
          <failedSince>0</failedSince>
        </case>
        <case>
          <duration>0.001</duration>
          <className>edu.ncsu.csc.itrust.unit.BeanBuilderTest</className>
          <testName>testOkayBean1</testName>
          <skipped>false</skipped>
          <failedSince>0</failedSince>
        </case>
        <case>
          <duration>0.001</duration>
          <className>edu.ncsu.csc.itrust.unit.BeanBuilderTest</className>
          <testName>testNotOverloaded</testName>
          <skipped>false</skipped>
          <failedSince>0</failedSince>
        </case>
        <case>
          <duration>0.002</duration>
          <className>edu.ncsu.csc.itrust.unit.BeanBuilderTest</className>
          <testName>testEqualsOkayToBeOverloaded</testName>
          <skipped>false</skipped>
          <failedSince>0</failedSince>
        </case>
        <case>
          <duration>0.002</duration>
          <className>edu.ncsu.csc.itrust.unit.BeanBuilderTest</className>
          <testName>testOverloadedConstructor</testName>
          <skipped>false</skipped>
          <failedSince>0</failedSince>
        </case>
        <case>
          <duration>0.0</duration>
          <className>edu.ncsu.csc.itrust.unit.BeanBuilderTest</className>
          <testName>testPartialPatient</testName>
          <skipped>false</skipped>
          <failedSince>0</failedSince>
        </case>
      </cases>
    </suite>
    <suite>
      <file>/var/lib/jenkins/workspace/iTrust-Fuzzer/iTrust/target/surefire-reports/TEST-edu.ncsu.csc.itrust.unit.EmailUtilTest.xml</file>
      <name>edu.ncsu.csc.itrust.unit.EmailUtilTest</name>
      <duration>0.001</duration>
      <time>0.001</time>
      <cases>
        <case>
          <duration>0.001</duration>
          <className>edu.ncsu.csc.itrust.unit.EmailUtilTest</className>
          <testName>testSendEmail</testName>
          <skipped>false</skipped>
          <failedSince>0</failedSince>
        </case>
      </cases>
    </suite>
    <suite>
      <file>/var/lib/jenkins/workspace/iTrust-Fuzzer/iTrust/target/surefire-reports/TEST-edu.ncsu.csc.itrust.unit.ErrorListTest.xml</file>
      <name>edu.ncsu.csc.itrust.unit.ErrorListTest</name>
      <duration>0.001</duration>
      <time>0.001</time>
      <cases>
        <case>
          <duration>0.0</duration>
          <className>edu.ncsu.csc.itrust.unit.ErrorListTest</className>
          <testName>testToString</testName>
          <skipped>false</skipped>
          <failedSince>0</failedSince>
        </case>
      </cases>
    </suite>
    <suite>
      <file>/var/lib/jenkins/workspace/iTrust-Fuzzer/iTrust/target/surefire-reports/TEST-edu.ncsu.csc.itrust.unit.HtmlEncoderTest.xml</file>
      <name>edu.ncsu.csc.itrust.unit.HtmlEncoderTest</name>
      <duration>0.0</duration>
      <time>0</time>
      <cases>
        <case>
          <duration>0.0</duration>
          <className>edu.ncsu.csc.itrust.unit.HtmlEncoderTest</className>
          <testName>testOffSite</testName>
          <skipped>false</skipped>
          <failedSince>0</failedSince>
        </case>
        <case>
          <duration>0.0</duration>
          <className>edu.ncsu.csc.itrust.unit.HtmlEncoderTest</className>
          <testName>testEscapeCharacters</testName>
          <skipped>false</skipped>
          <failedSince>0</failedSince>
        </case>
      </cases>
    </suite>
    <suite>
      <file>/var/lib/jenkins/workspace/iTrust-Fuzzer/iTrust/target/surefire-reports/TEST-edu.ncsu.csc.itrust.unit.LocalizationTest.xml</file>
      <name>edu.ncsu.csc.itrust.unit.LocalizationTest</name>
      <duration>0.001</duration>
      <time>0.001</time>
      <cases>
        <case>
          <duration>0.001</duration>
          <className>edu.ncsu.csc.itrust.unit.LocalizationTest</className>
          <testName>testLocalization</testName>
          <skipped>false</skipped>
          <failedSince>0</failedSince>
        </case>
      </cases>
    </suite>
    <suite>
      <file>/var/lib/jenkins/workspace/iTrust-Fuzzer/iTrust/target/surefire-reports/TEST-edu.ncsu.csc.itrust.unit.action.ChangePasswordActionTest.xml</file>
      <name>edu.ncsu.csc.itrust.unit.action.ChangePasswordActionTest</name>
      <duration>0.243</duration>
      <time>0.243</time>
      <cases>
        <case>
          <duration>0.242</duration>
          <className>edu.ncsu.csc.itrust.unit.action.ChangePasswordActionTest</className>
          <testName>testChangePassword</testName>
          <skipped>false</skipped>
          <failedSince>0</failedSince>
        </case>
      </cases>
    </suite>
    <suite>
      <file>/var/lib/jenkins/workspace/iTrust-Fuzzer/iTrust/target/surefire-reports/TEST-edu.ncsu.csc.itrust.unit.action.DrugInteractionActionTest.xml</file>
      <name>edu.ncsu.csc.itrust.unit.action.DrugInteractionActionTest</name>
      <duration>0.545</duration>
      <time>0.545</time>
      <cases>
        <case>
          <duration>0.067</duration>
          <className>edu.ncsu.csc.itrust.unit.action.DrugInteractionActionTest</className>
          <testName>testGetInteractions</testName>
          <skipped>false</skipped>
          <failedSince>0</failedSince>
        </case>
        <case>
          <duration>0.058</duration>
          <className>edu.ncsu.csc.itrust.unit.action.DrugInteractionActionTest</className>
          <testName>testDeleteInteraction</testName>
          <skipped>false</skipped>
          <failedSince>0</failedSince>
        </case>
        <case>
          <duration>0.179</duration>
          <className>edu.ncsu.csc.itrust.unit.action.DrugInteractionActionTest</className>
          <testName>testGetInteractions2</testName>
          <skipped>false</skipped>
          <failedSince>0</failedSince>
        </case>
        <case>
          <duration>0.061</duration>
          <className>edu.ncsu.csc.itrust.unit.action.DrugInteractionActionTest</className>
          <testName>testReportInteraction</testName>
          <skipped>false</skipped>
          <failedSince>0</failedSince>
        </case>
        <case>
          <duration>0.061</duration>
          <className>edu.ncsu.csc.itrust.unit.action.DrugInteractionActionTest</className>
          <testName>testReportAlreadyAdded</testName>
          <skipped>false</skipped>
          <failedSince>0</failedSince>
        </case>
        <case>
          <duration>0.058</duration>
          <className>edu.ncsu.csc.itrust.unit.action.DrugInteractionActionTest</className>
          <testName>testEvilDAOFactory</testName>
          <skipped>false</skipped>
          <failedSince>0</failedSince>
        </case>
        <case>
          <duration>0.058</duration>
          <className>edu.ncsu.csc.itrust.unit.action.DrugInteractionActionTest</className>
          <testName>testReportSameDrugsInteraction</testName>
          <skipped>false</skipped>
          <failedSince>0</failedSince>
        </case>
      </cases>
    </suite>
    <suite>
      <file>/var/lib/jenkins/workspace/iTrust-Fuzzer/iTrust/target/surefire-reports/TEST-edu.ncsu.csc.itrust.unit.model.cptcode.CPTCodeMySQLTest.xml</file>
      <name>edu.ncsu.csc.itrust.unit.model.cptcode.CPTCodeMySQLTest</name>
      <duration>0.158</duration>
      <time>0.158</time>
      <cases>
        <case>
          <duration>0.072</duration>
          <className>edu.ncsu.csc.itrust.unit.model.cptcode.CPTCodeMySQLTest</className>
          <testName>testDiabolicals</testName>
          <skipped>false</skipped>
          <failedSince>0</failedSince>
        </case>
        <case>
          <duration>0.006</duration>
          <className>edu.ncsu.csc.itrust.unit.model.cptcode.CPTCodeMySQLTest</className>
          <testName>testNoDataSource</testName>
          <skipped>false</skipped>
          <failedSince>0</failedSince>
        </case>
        <case>
          <duration>0.079</duration>
          <className>edu.ncsu.csc.itrust.unit.model.cptcode.CPTCodeMySQLTest</className>
          <testName>testCPTCodeMySQL</testName>
          <skipped>false</skipped>
          <failedSince>0</failedSince>
        </case>
      </cases>
    </suite>
    <suite>
      <file>/var/lib/jenkins/workspace/iTrust-Fuzzer/iTrust/target/surefire-reports/TEST-edu.ncsu.csc.itrust.unit.model.cptcode.CPTCodeTest.xml</file>
      <name>edu.ncsu.csc.itrust.unit.model.cptcode.CPTCodeTest</name>
      <duration>0.001</duration>
      <time>0.001</time>
      <cases>
        <case>
          <duration>0.001</duration>
          <className>edu.ncsu.csc.itrust.unit.model.cptcode.CPTCodeTest</className>
          <testName>testCode</testName>
          <skipped>false</skipped>
          <failedSince>0</failedSince>
        </case>
        <case>
          <duration>0.0</duration>
          <className>edu.ncsu.csc.itrust.unit.model.cptcode.CPTCodeTest</className>
          <testName>testName</testName>
          <skipped>false</skipped>
          <failedSince>0</failedSince>
        </case>
      </cases>
    </suite>
    <suite>
      <file>/var/lib/jenkins/workspace/iTrust-Fuzzer/iTrust/target/surefire-reports/TEST-edu.ncsu.csc.itrust.unit.model.cptcode.CPTCodeValidatorTest.xml</file>
      <name>edu.ncsu.csc.itrust.unit.model.cptcode.CPTCodeValidatorTest</name>
      <duration>0.002</duration>
      <time>0.002</time>
      <cases>
        <case>
          <duration>0.0</duration>
          <className>edu.ncsu.csc.itrust.unit.model.cptcode.CPTCodeValidatorTest</className>
          <testName>testTooLong</testName>
          <skipped>false</skipped>
          <failedSince>0</failedSince>
        </case>
        <case>
          <duration>0.001</duration>
          <className>edu.ncsu.csc.itrust.unit.model.cptcode.CPTCodeValidatorTest</className>
          <testName>testGood</testName>
          <skipped>false</skipped>
          <failedSince>0</failedSince>
        </case>
        <case>
          <duration>0.0</duration>
          <className>edu.ncsu.csc.itrust.unit.model.cptcode.CPTCodeValidatorTest</className>
          <testName>testNotInt</testName>
          <skipped>false</skipped>
          <failedSince>0</failedSince>
        </case>
      </cases>
    </suite>
    <suite>
      <file>/var/lib/jenkins/workspace/iTrust-Fuzzer/iTrust/target/surefire-reports/TEST-edu.ncsu.csc.itrust.unit.model.diagnosis.DiagnosisControllerTest.xml</file>
      <name>edu.ncsu.csc.itrust.unit.model.diagnosis.DiagnosisControllerTest</name>
      <duration>0.234</duration>
      <time>0.234</time>
      <cases>
        <case>
          <duration>0.234</duration>
          <className>edu.ncsu.csc.itrust.unit.model.diagnosis.DiagnosisControllerTest</className>
          <testName>testController</testName>
          <skipped>false</skipped>
          <failedSince>0</failedSince>
        </case>
      </cases>
    </suite>
    <suite>
      <file>/var/lib/jenkins/workspace/iTrust-Fuzzer/iTrust/target/surefire-reports/TEST-edu.ncsu.csc.itrust.unit.model.diagnosis.DiagnosisFormTest.xml</file>
      <name>edu.ncsu.csc.itrust.unit.model.diagnosis.DiagnosisFormTest</name>
      <duration>0.137</duration>
      <time>0.137</time>
      <cases>
        <case>
          <duration>0.136</duration>
          <className>edu.ncsu.csc.itrust.unit.model.diagnosis.DiagnosisFormTest</className>
          <testName>testDiagnosisForm</testName>
          <skipped>false</skipped>
          <failedSince>0</failedSince>
        </case>
      </cases>
    </suite>
    <suite>
      <file>/var/lib/jenkins/workspace/iTrust-Fuzzer/iTrust/target/surefire-reports/TEST-edu.ncsu.csc.itrust.unit.model.diagnosis.DiagnosisMySQLTest.xml</file>
      <name>edu.ncsu.csc.itrust.unit.model.diagnosis.DiagnosisMySQLTest</name>
      <duration>0.724</duration>
      <time>0.724</time>
      <cases>
        <case>
          <duration>0.091</duration>
          <className>edu.ncsu.csc.itrust.unit.model.diagnosis.DiagnosisMySQLTest</className>
          <testName>testAdd</testName>
          <skipped>false</skipped>
          <failedSince>0</failedSince>
        </case>
        <case>
          <duration>0.089</duration>
          <className>edu.ncsu.csc.itrust.unit.model.diagnosis.DiagnosisMySQLTest</className>
          <testName>testGetAllEmergencyDiagnosis</testName>
          <skipped>false</skipped>
          <failedSince>0</failedSince>
        </case>
        <case>
          <duration>0.096</duration>
          <className>edu.ncsu.csc.itrust.unit.model.diagnosis.DiagnosisMySQLTest</className>
          <testName>testGetByID</testName>
          <skipped>false</skipped>
          <failedSince>0</failedSince>
        </case>
        <case>
          <duration>0.079</duration>
          <className>edu.ncsu.csc.itrust.unit.model.diagnosis.DiagnosisMySQLTest</className>
          <testName>testMockDataSource</testName>
          <skipped>false</skipped>
          <failedSince>0</failedSince>
        </case>
        <case>
          <duration>0.069</duration>
          <className>edu.ncsu.csc.itrust.unit.model.diagnosis.DiagnosisMySQLTest</className>
          <testName>testProdConstructor</testName>
          <skipped>false</skipped>
          <failedSince>0</failedSince>
        </case>
        <case>
          <duration>0.099</duration>
          <className>edu.ncsu.csc.itrust.unit.model.diagnosis.DiagnosisMySQLTest</className>
          <testName>testGetAll</testName>
          <skipped>false</skipped>
          <failedSince>0</failedSince>
        </case>
        <case>
          <duration>0.085</duration>
          <className>edu.ncsu.csc.itrust.unit.model.diagnosis.DiagnosisMySQLTest</className>
          <testName>testRemove</testName>
          <skipped>false</skipped>
          <failedSince>0</failedSince>
        </case>
        <case>
          <duration>0.102</duration>
          <className>edu.ncsu.csc.itrust.unit.model.diagnosis.DiagnosisMySQLTest</className>
          <testName>testUpdate</testName>
          <skipped>false</skipped>
          <failedSince>0</failedSince>
        </case>
      </cases>
    </suite>
    <suite>
      <file>/var/lib/jenkins/workspace/iTrust-Fuzzer/iTrust/target/surefire-reports/TEST-edu.ncsu.csc.itrust.unit.model.diagnosis.DiagnosisTest.xml</file>
      <name>edu.ncsu.csc.itrust.unit.model.diagnosis.DiagnosisTest</name>
      <duration>0.003</duration>
      <time>0.003</time>
      <cases>
        <case>
          <duration>0.001</duration>
          <className>edu.ncsu.csc.itrust.unit.model.diagnosis.DiagnosisTest</className>
          <testName>testGettersAndSetters</testName>
          <skipped>false</skipped>
          <failedSince>0</failedSince>
        </case>
      </cases>
    </suite>
    <suite>
      <file>/var/lib/jenkins/workspace/iTrust-Fuzzer/iTrust/target/surefire-reports/TEST-edu.ncsu.csc.itrust.unit.model.emergencyRecord.EmergencyRecordMySQLTest.xml</file>
      <name>edu.ncsu.csc.itrust.unit.model.emergencyRecord.EmergencyRecordMySQLTest</name>
      <duration>0.575</duration>
      <time>0.575</time>
      <cases>
        <case>
          <duration>0.188</duration>
          <className>edu.ncsu.csc.itrust.unit.model.emergencyRecord.EmergencyRecordMySQLTest</className>
          <testName>testLoadRecord</testName>
          <skipped>false</skipped>
          <failedSince>0</failedSince>
        </case>
        <case>
          <duration>0.077</duration>
          <className>edu.ncsu.csc.itrust.unit.model.emergencyRecord.EmergencyRecordMySQLTest</className>
          <testName>testNoDataSource</testName>
          <skipped>false</skipped>
          <failedSince>0</failedSince>
        </case>
        <case>
          <duration>0.119</duration>
          <className>edu.ncsu.csc.itrust.unit.model.emergencyRecord.EmergencyRecordMySQLTest</className>
          <testName>testMockGetEmergencyRecordForPatient</testName>
          <skipped>false</skipped>
          <failedSince>0</failedSince>
        </case>
        <case>
          <duration>0.082</duration>
          <className>edu.ncsu.csc.itrust.unit.model.emergencyRecord.EmergencyRecordMySQLTest</className>
          <testName>testMockDataSource</testName>
          <skipped>false</skipped>
          <failedSince>0</failedSince>
        </case>
        <case>
          <duration>0.107</duration>
          <className>edu.ncsu.csc.itrust.unit.model.emergencyRecord.EmergencyRecordMySQLTest</className>
          <testName>testInvalidPatient</testName>
          <skipped>false</skipped>
          <failedSince>0</failedSince>
        </case>
      </cases>
    </suite>
    <suite>
      <file>/var/lib/jenkins/workspace/iTrust-Fuzzer/iTrust/target/surefire-reports/TEST-edu.ncsu.csc.itrust.unit.model.emergencyRecord.EmergencyRecordTest.xml</file>
      <name>edu.ncsu.csc.itrust.unit.model.emergencyRecord.EmergencyRecordTest</name>
      <duration>0.017</duration>
      <time>0.017</time>
      <cases>
        <case>
          <duration>0.001</duration>
          <className>edu.ncsu.csc.itrust.unit.model.emergencyRecord.EmergencyRecordTest</className>
          <testName>testContactPhone</testName>
          <skipped>false</skipped>
          <failedSince>0</failedSince>
        </case>
        <case>
          <duration>0.001</duration>
          <className>edu.ncsu.csc.itrust.unit.model.emergencyRecord.EmergencyRecordTest</className>
          <testName>testAge</testName>
          <skipped>false</skipped>
          <failedSince>0</failedSince>
        </case>
        <case>
          <duration>0.0</duration>
          <className>edu.ncsu.csc.itrust.unit.model.emergencyRecord.EmergencyRecordTest</className>
          <testName>testName</testName>
          <skipped>false</skipped>
          <failedSince>0</failedSince>
        </case>
        <case>
          <duration>0.0</duration>
          <className>edu.ncsu.csc.itrust.unit.model.emergencyRecord.EmergencyRecordTest</className>
          <testName>testPrescriptions</testName>
          <skipped>false</skipped>
          <failedSince>0</failedSince>
        </case>
        <case>
          <duration>0.0</duration>
          <className>edu.ncsu.csc.itrust.unit.model.emergencyRecord.EmergencyRecordTest</className>
          <testName>testImmunizations</testName>
          <skipped>false</skipped>
          <failedSince>0</failedSince>
        </case>
        <case>
          <duration>0.001</duration>
          <className>edu.ncsu.csc.itrust.unit.model.emergencyRecord.EmergencyRecordTest</className>
          <testName>testContactName</testName>
          <skipped>false</skipped>
          <failedSince>0</failedSince>
        </case>
        <case>
          <duration>0.001</duration>
          <className>edu.ncsu.csc.itrust.unit.model.emergencyRecord.EmergencyRecordTest</className>
          <testName>testAllergies</testName>
          <skipped>false</skipped>
          <failedSince>0</failedSince>
        </case>
        <case>
          <duration>0.0</duration>
          <className>edu.ncsu.csc.itrust.unit.model.emergencyRecord.EmergencyRecordTest</className>
          <testName>testGender</testName>
          <skipped>false</skipped>
          <failedSince>0</failedSince>
        </case>
        <case>
          <duration>0.002</duration>
          <className>edu.ncsu.csc.itrust.unit.model.emergencyRecord.EmergencyRecordTest</className>
          <testName>testDiagnoses</testName>
          <skipped>false</skipped>
          <failedSince>0</failedSince>
        </case>
        <case>
          <duration>0.0</duration>
          <className>edu.ncsu.csc.itrust.unit.model.emergencyRecord.EmergencyRecordTest</className>
          <testName>testBloodType</testName>
          <skipped>false</skipped>
          <failedSince>0</failedSince>
        </case>
      </cases>
    </suite>
    <suite>
      <file>/var/lib/jenkins/workspace/iTrust-Fuzzer/iTrust/target/surefire-reports/TEST-edu.ncsu.csc.itrust.unit.model.icdcode.ICDCodeMySQLTest.xml</file>
      <name>edu.ncsu.csc.itrust.unit.model.icdcode.ICDCodeMySQLTest</name>
      <duration>0.191</duration>
      <time>0.191</time>
      <cases>
        <case>
          <duration>0.097</duration>
          <className>edu.ncsu.csc.itrust.unit.model.icdcode.ICDCodeMySQLTest</className>
          <testName>testDiabolicals</testName>
          <skipped>false</skipped>
          <failedSince>0</failedSince>
        </case>
        <case>
          <duration>0.006</duration>
          <className>edu.ncsu.csc.itrust.unit.model.icdcode.ICDCodeMySQLTest</className>
          <testName>testProdConstructor</testName>
          <skipped>false</skipped>
          <failedSince>0</failedSince>
        </case>
        <case>
          <duration>0.086</duration>
          <className>edu.ncsu.csc.itrust.unit.model.icdcode.ICDCodeMySQLTest</className>
          <testName>testICDCodeMySQL</testName>
          <skipped>false</skipped>
          <failedSince>0</failedSince>
        </case>
      </cases>
    </suite>
    <suite>
      <file>/var/lib/jenkins/workspace/iTrust-Fuzzer/iTrust/target/surefire-reports/TEST-edu.ncsu.csc.itrust.unit.model.icdcode.ICDCodeTest.xml</file>
      <name>edu.ncsu.csc.itrust.unit.model.icdcode.ICDCodeTest</name>
      <duration>0.001</duration>
      <time>0.001</time>
      <cases>
        <case>
          <duration>0.0</duration>
          <className>edu.ncsu.csc.itrust.unit.model.icdcode.ICDCodeTest</className>
          <testName>testICDCode</testName>
          <skipped>false</skipped>
          <failedSince>0</failedSince>
        </case>
      </cases>
    </suite>
    <suite>
      <file>/var/lib/jenkins/workspace/iTrust-Fuzzer/iTrust/target/surefire-reports/TEST-edu.ncsu.csc.itrust.unit.model.immunization.ImmunizationMySQLTest.xml</file>
      <name>edu.ncsu.csc.itrust.unit.model.immunization.ImmunizationMySQLTest</name>
      <duration>0.525</duration>
      <time>0.525</time>
      <cases>
        <case>
          <duration>0.088</duration>
          <className>edu.ncsu.csc.itrust.unit.model.immunization.ImmunizationMySQLTest</className>
          <testName>testAdd</testName>
          <skipped>false</skipped>
          <failedSince>0</failedSince>
        </case>
        <case>
          <duration>0.074</duration>
          <className>edu.ncsu.csc.itrust.unit.model.immunization.ImmunizationMySQLTest</className>
          <testName>testNoDataSource</testName>
          <skipped>false</skipped>
          <failedSince>0</failedSince>
        </case>
        <case>
          <duration>0.102</duration>
          <className>edu.ncsu.csc.itrust.unit.model.immunization.ImmunizationMySQLTest</className>
          <testName>testGetByID</testName>
          <skipped>false</skipped>
          <failedSince>0</failedSince>
        </case>
        <case>
          <duration>0.099</duration>
          <className>edu.ncsu.csc.itrust.unit.model.immunization.ImmunizationMySQLTest</className>
          <testName>testGetAll</testName>
          <skipped>false</skipped>
          <failedSince>0</failedSince>
        </case>
        <case>
          <duration>0.077</duration>
          <className>edu.ncsu.csc.itrust.unit.model.immunization.ImmunizationMySQLTest</className>
          <testName>testUpdate</testName>
          <skipped>false</skipped>
          <failedSince>0</failedSince>
        </case>
        <case>
          <duration>0.083</duration>
          <className>edu.ncsu.csc.itrust.unit.model.immunization.ImmunizationMySQLTest</className>
          <testName>testGetAllImmunizations</testName>
          <skipped>false</skipped>
          <failedSince>0</failedSince>
        </case>
      </cases>
    </suite>
    <suite>
      <file>/var/lib/jenkins/workspace/iTrust-Fuzzer/iTrust/target/surefire-reports/TEST-edu.ncsu.csc.itrust.unit.model.immunization.ImmunizationTest.xml</file>
      <name>edu.ncsu.csc.itrust.unit.model.immunization.ImmunizationTest</name>
      <duration>0.0</duration>
      <time>0</time>
      <cases>
        <case>
          <duration>0.0</duration>
          <className>edu.ncsu.csc.itrust.unit.model.immunization.ImmunizationTest</className>
          <testName>testId</testName>
          <skipped>false</skipped>
          <failedSince>0</failedSince>
        </case>
        <case>
          <duration>0.0</duration>
          <className>edu.ncsu.csc.itrust.unit.model.immunization.ImmunizationTest</className>
          <testName>testCPTCode</testName>
          <skipped>false</skipped>
          <failedSince>0</failedSince>
        </case>
        <case>
          <duration>0.0</duration>
          <className>edu.ncsu.csc.itrust.unit.model.immunization.ImmunizationTest</className>
          <testName>testVisitId</testName>
          <skipped>false</skipped>
          <failedSince>0</failedSince>
        </case>
      </cases>
    </suite>
    <suite>
      <file>/var/lib/jenkins/workspace/iTrust-Fuzzer/iTrust/target/surefire-reports/TEST-edu.ncsu.csc.itrust.unit.model.immunization.ImmunizationValidatorTest.xml</file>
      <name>edu.ncsu.csc.itrust.unit.model.immunization.ImmunizationValidatorTest</name>
      <duration>0.014</duration>
      <time>0.014</time>
      <cases>
        <case>
          <duration>0.005</duration>
          <className>edu.ncsu.csc.itrust.unit.model.immunization.ImmunizationValidatorTest</className>
          <testName>testValidationBadCodeZeroLength</testName>
          <skipped>false</skipped>
          <failedSince>0</failedSince>
        </case>
        <case>
          <duration>0.004</duration>
          <className>edu.ncsu.csc.itrust.unit.model.immunization.ImmunizationValidatorTest</className>
          <testName>testCorrectValidation</testName>
          <skipped>false</skipped>
          <failedSince>0</failedSince>
        </case>
        <case>
          <duration>0.004</duration>
          <className>edu.ncsu.csc.itrust.unit.model.immunization.ImmunizationValidatorTest</className>
          <testName>testValidationBadCodeLength</testName>
          <skipped>false</skipped>
          <failedSince>0</failedSince>
        </case>
      </cases>
    </suite>
    <suite>
      <file>/var/lib/jenkins/workspace/iTrust-Fuzzer/iTrust/target/surefire-reports/TEST-edu.ncsu.csc.itrust.unit.model.labProcedure.LabProcedureFormTest.xml</file>
      <name>edu.ncsu.csc.itrust.unit.model.labProcedure.LabProcedureFormTest</name>
      <duration>1.405</duration>
      <time>1.405</time>
      <cases>
        <case>
          <duration>0.115</duration>
          <className>edu.ncsu.csc.itrust.unit.model.labProcedure.LabProcedureFormTest</className>
          <testName>testGetLoincCodesEmpty</testName>
          <skipped>false</skipped>
          <failedSince>0</failedSince>
        </case>
        <case>
          <duration>0.083</duration>
          <className>edu.ncsu.csc.itrust.unit.model.labProcedure.LabProcedureFormTest</className>
          <testName>testSubmitReassignment</testName>
          <skipped>false</skipped>
          <failedSince>0</failedSince>
        </case>
        <case>
          <duration>0.073</duration>
          <className>edu.ncsu.csc.itrust.unit.model.labProcedure.LabProcedureFormTest</className>
          <testName>testLabProcedureFormLabProcedureControllerNullLabProcedure</testName>
          <skipped>false</skipped>
          <failedSince>0</failedSince>
        </case>
        <case>
          <duration>0.072</duration>
          <className>edu.ncsu.csc.itrust.unit.model.labProcedure.LabProcedureFormTest</className>
          <testName>testRemoveLabProcedure</testName>
          <skipped>false</skipped>
          <failedSince>0</failedSince>
        </case>
        <case>
          <duration>0.078</duration>
          <className>edu.ncsu.csc.itrust.unit.model.labProcedure.LabProcedureFormTest</className>
          <testName>testIsCommentable</testName>
          <skipped>false</skipped>
          <failedSince>0</failedSince>
        </case>
        <case>
          <duration>0.079</duration>
          <className>edu.ncsu.csc.itrust.unit.model.labProcedure.LabProcedureFormTest</className>
          <testName>testIsCommentableBadLong</testName>
          <skipped>false</skipped>
          <failedSince>0</failedSince>
        </case>
        <case>
          <duration>0.067</duration>
          <className>edu.ncsu.csc.itrust.unit.model.labProcedure.LabProcedureFormTest</className>
          <testName>testIsReassignableBadLong</testName>
          <skipped>false</skipped>
          <failedSince>0</failedSince>
        </case>
        <case>
          <duration>0.065</duration>
          <className>edu.ncsu.csc.itrust.unit.model.labProcedure.LabProcedureFormTest</className>
          <testName>testAddCommentary</testName>
          <skipped>false</skipped>
          <failedSince>0</failedSince>
        </case>
        <case>
          <duration>0.067</duration>
          <className>edu.ncsu.csc.itrust.unit.model.labProcedure.LabProcedureFormTest</className>
          <testName>testGetLoincCodes</testName>
          <skipped>false</skipped>
          <failedSince>0</failedSince>
        </case>
        <case>
          <duration>0.066</duration>
          <className>edu.ncsu.csc.itrust.unit.model.labProcedure.LabProcedureFormTest</className>
          <testName>testRecordResultsDBException</testName>
          <skipped>false</skipped>
          <failedSince>0</failedSince>
        </case>
        <case>
          <duration>0.069</duration>
          <className>edu.ncsu.csc.itrust.unit.model.labProcedure.LabProcedureFormTest</className>
          <testName>testIsLabProcedureCreated</testName>
          <skipped>false</skipped>
          <failedSince>0</failedSince>
        </case>
        <case>
          <duration>0.081</duration>
          <className>edu.ncsu.csc.itrust.unit.model.labProcedure.LabProcedureFormTest</className>
          <testName>testGetLoincCodesDBException</testName>
          <skipped>false</skipped>
          <failedSince>0</failedSince>
        </case>
        <case>
          <duration>0.076</duration>
          <className>edu.ncsu.csc.itrust.unit.model.labProcedure.LabProcedureFormTest</className>
          <testName>testIsReassignable</testName>
          <skipped>false</skipped>
          <failedSince>0</failedSince>
        </case>
        <case>
          <duration>0.069</duration>
          <className>edu.ncsu.csc.itrust.unit.model.labProcedure.LabProcedureFormTest</className>
          <testName>testIsRemovableBadLong</testName>
          <skipped>false</skipped>
          <failedSince>0</failedSince>
        </case>
        <case>
          <duration>0.067</duration>
          <className>edu.ncsu.csc.itrust.unit.model.labProcedure.LabProcedureFormTest</className>
          <testName>testLabProcedureFormLabProcedureController</testName>
          <skipped>false</skipped>
          <failedSince>0</failedSince>
        </case>
        <case>
          <duration>0.069</duration>
          <className>edu.ncsu.csc.itrust.unit.model.labProcedure.LabProcedureFormTest</className>
          <testName>testGetSelectedLabProcedure</testName>
          <skipped>false</skipped>
          <failedSince>0</failedSince>
        </case>
        <case>
          <duration>0.067</duration>
          <className>edu.ncsu.csc.itrust.unit.model.labProcedure.LabProcedureFormTest</className>
          <testName>testIsRemovable</testName>
          <skipped>false</skipped>
          <failedSince>0</failedSince>
        </case>
        <case>
          <duration>0.064</duration>
          <className>edu.ncsu.csc.itrust.unit.model.labProcedure.LabProcedureFormTest</className>
          <testName>testRecordResults</testName>
          <skipped>false</skipped>
          <failedSince>0</failedSince>
        </case>
        <case>
          <duration>0.069</duration>
          <className>edu.ncsu.csc.itrust.unit.model.labProcedure.LabProcedureFormTest</className>
          <testName>testLabProcedureForm</testName>
          <skipped>false</skipped>
          <failedSince>0</failedSince>
        </case>
      </cases>
    </suite>
    <suite>
      <file>/var/lib/jenkins/workspace/iTrust-Fuzzer/iTrust/target/surefire-reports/TEST-edu.ncsu.csc.itrust.unit.model.labProcedure.LabProcedureMySQLTest.xml</file>
      <name>edu.ncsu.csc.itrust.unit.model.labProcedure.LabProcedureMySQLTest</name>
      <duration>1.439</duration>
      <time>1.439</time>
      <cases>
        <case>
          <duration>0.13</duration>
          <className>edu.ncsu.csc.itrust.unit.model.labProcedure.LabProcedureMySQLTest</className>
          <testName>testUpdateInvalid</testName>
          <skipped>false</skipped>
          <failedSince>0</failedSince>
        </case>
        <case>
          <duration>0.157</duration>
          <className>edu.ncsu.csc.itrust.unit.model.labProcedure.LabProcedureMySQLTest</className>
          <testName>testRemoveLabProcedure</testName>
          <skipped>false</skipped>
          <failedSince>0</failedSince>
        </case>
        <case>
          <duration>0.143</duration>
          <className>edu.ncsu.csc.itrust.unit.model.labProcedure.LabProcedureMySQLTest</className>
          <testName>testAdd</testName>
          <skipped>false</skipped>
          <failedSince>0</failedSince>
        </case>
        <case>
          <duration>0.308</duration>
          <className>edu.ncsu.csc.itrust.unit.model.labProcedure.LabProcedureMySQLTest</className>
          <testName>testGetLabProceduresByOfficeVisitSQLException</testName>
          <skipped>false</skipped>
          <failedSince>0</failedSince>
        </case>
        <case>
          <duration>0.142</duration>
          <className>edu.ncsu.csc.itrust.unit.model.labProcedure.LabProcedureMySQLTest</className>
          <testName>testGetLabProcedure</testName>
          <skipped>false</skipped>
          <failedSince>0</failedSince>
        </case>
        <case>
          <duration>0.139</duration>
          <className>edu.ncsu.csc.itrust.unit.model.labProcedure.LabProcedureMySQLTest</className>
          <testName>testAddInvalid</testName>
          <skipped>false</skipped>
          <failedSince>0</failedSince>
        </case>
        <case>
          <duration>0.134</duration>
          <className>edu.ncsu.csc.itrust.unit.model.labProcedure.LabProcedureMySQLTest</className>
          <testName>testGetByID</testName>
          <skipped>false</skipped>
          <failedSince>0</failedSince>
        </case>
        <case>
          <duration>0.143</duration>
          <className>edu.ncsu.csc.itrust.unit.model.labProcedure.LabProcedureMySQLTest</className>
          <testName>testGetAll</testName>
          <skipped>false</skipped>
          <failedSince>0</failedSince>
        </case>
        <case>
          <duration>0.138</duration>
          <className>edu.ncsu.csc.itrust.unit.model.labProcedure.LabProcedureMySQLTest</className>
          <testName>testUpdate</testName>
          <skipped>false</skipped>
          <failedSince>0</failedSince>
        </case>
      </cases>
    </suite>
    <suite>
      <file>/var/lib/jenkins/workspace/iTrust-Fuzzer/iTrust/target/surefire-reports/TEST-edu.ncsu.csc.itrust.unit.model.labProcedure.LabProcedureTest.xml</file>
      <name>edu.ncsu.csc.itrust.unit.model.labProcedure.LabProcedureTest</name>
      <duration>0.009</duration>
      <time>0.009</time>
      <cases>
        <case>
          <duration>0.0</duration>
          <className>edu.ncsu.csc.itrust.unit.model.labProcedure.LabProcedureTest</className>
          <testName>testGetCommentary</testName>
          <skipped>false</skipped>
          <failedSince>0</failedSince>
        </case>
        <case>
          <duration>0.001</duration>
          <className>edu.ncsu.csc.itrust.unit.model.labProcedure.LabProcedureTest</className>
          <testName>testSetLabProcedureCode</testName>
          <skipped>false</skipped>
          <failedSince>0</failedSince>
        </case>
        <case>
          <duration>0.0</duration>
          <className>edu.ncsu.csc.itrust.unit.model.labProcedure.LabProcedureTest</className>
          <testName>testSetStatusLong</testName>
          <skipped>false</skipped>
          <failedSince>0</failedSince>
        </case>
        <case>
          <duration>0.0</duration>
          <className>edu.ncsu.csc.itrust.unit.model.labProcedure.LabProcedureTest</className>
          <testName>testGetConfidenceIntervalLower</testName>
          <skipped>false</skipped>
          <failedSince>0</failedSince>
        </case>
        <case>
          <duration>0.0</duration>
          <className>edu.ncsu.csc.itrust.unit.model.labProcedure.LabProcedureTest</className>
          <testName>testGetConfidenceIntervalUpper</testName>
          <skipped>false</skipped>
          <failedSince>0</failedSince>
        </case>
        <case>
          <duration>0.0</duration>
          <className>edu.ncsu.csc.itrust.unit.model.labProcedure.LabProcedureTest</className>
          <testName>testSetConfidenceIntervalLower</testName>
          <skipped>false</skipped>
          <failedSince>0</failedSince>
        </case>
        <case>
          <duration>0.0</duration>
          <className>edu.ncsu.csc.itrust.unit.model.labProcedure.LabProcedureTest</className>
          <testName>testSetConfidenceIntervalUpper</testName>
          <skipped>false</skipped>
          <failedSince>0</failedSince>
        </case>
        <case>
          <duration>0.0</duration>
          <className>edu.ncsu.csc.itrust.unit.model.labProcedure.LabProcedureTest</className>
          <testName>testSetIsRestricted</testName>
          <skipped>false</skipped>
          <failedSince>0</failedSince>
        </case>
        <case>
          <duration>0.0</duration>
          <className>edu.ncsu.csc.itrust.unit.model.labProcedure.LabProcedureTest</className>
          <testName>testSetCommentary</testName>
          <skipped>false</skipped>
          <failedSince>0</failedSince>
        </case>
        <case>
          <duration>0.0</duration>
          <className>edu.ncsu.csc.itrust.unit.model.labProcedure.LabProcedureTest</className>
          <testName>testSetResults</testName>
          <skipped>false</skipped>
          <failedSince>0</failedSince>
        </case>
        <case>
          <duration>0.0</duration>
          <className>edu.ncsu.csc.itrust.unit.model.labProcedure.LabProcedureTest</className>
          <testName>testSetOfficeVisitID</testName>
          <skipped>false</skipped>
          <failedSince>0</failedSince>
        </case>
        <case>
          <duration>0.0</duration>
          <className>edu.ncsu.csc.itrust.unit.model.labProcedure.LabProcedureTest</className>
          <testName>testGetLabProcedureCode</testName>
          <skipped>false</skipped>
          <failedSince>0</failedSince>
        </case>
        <case>
          <duration>0.0</duration>
          <className>edu.ncsu.csc.itrust.unit.model.labProcedure.LabProcedureTest</className>
          <testName>testSetUpdatedDate</testName>
          <skipped>false</skipped>
          <failedSince>0</failedSince>
        </case>
        <case>
          <duration>0.0</duration>
          <className>edu.ncsu.csc.itrust.unit.model.labProcedure.LabProcedureTest</className>
          <testName>testSetPriority</testName>
          <skipped>false</skipped>
          <failedSince>0</failedSince>
        </case>
        <case>
          <duration>0.0</duration>
          <className>edu.ncsu.csc.itrust.unit.model.labProcedure.LabProcedureTest</className>
          <testName>testSetStatusString</testName>
          <skipped>false</skipped>
          <failedSince>0</failedSince>
        </case>
        <case>
          <duration>0.0</duration>
          <className>edu.ncsu.csc.itrust.unit.model.labProcedure.LabProcedureTest</className>
          <testName>testGetPriority</testName>
          <skipped>false</skipped>
          <failedSince>0</failedSince>
        </case>
        <case>
          <duration>0.0</duration>
          <className>edu.ncsu.csc.itrust.unit.model.labProcedure.LabProcedureTest</className>
          <testName>testSetLabProcedureID</testName>
          <skipped>false</skipped>
          <failedSince>0</failedSince>
        </case>
        <case>
          <duration>0.0</duration>
          <className>edu.ncsu.csc.itrust.unit.model.labProcedure.LabProcedureTest</className>
          <testName>testGetLabTechnicianID</testName>
          <skipped>false</skipped>
          <failedSince>0</failedSince>
        </case>
        <case>
          <duration>0.0</duration>
          <className>edu.ncsu.csc.itrust.unit.model.labProcedure.LabProcedureTest</className>
          <testName>testGetOfficeVisitID</testName>
          <skipped>false</skipped>
          <failedSince>0</failedSince>
        </case>
        <case>
          <duration>0.0</duration>
          <className>edu.ncsu.csc.itrust.unit.model.labProcedure.LabProcedureTest</className>
          <testName>testGetResults</testName>
          <skipped>false</skipped>
          <failedSince>0</failedSince>
        </case>
        <case>
          <duration>0.0</duration>
          <className>edu.ncsu.csc.itrust.unit.model.labProcedure.LabProcedureTest</className>
          <testName>testGetStatus</testName>
          <skipped>false</skipped>
          <failedSince>0</failedSince>
        </case>
        <case>
          <duration>0.0</duration>
          <className>edu.ncsu.csc.itrust.unit.model.labProcedure.LabProcedureTest</className>
          <testName>testGetLabProcedureID</testName>
          <skipped>false</skipped>
          <failedSince>0</failedSince>
        </case>
        <case>
          <duration>0.001</duration>
          <className>edu.ncsu.csc.itrust.unit.model.labProcedure.LabProcedureTest</className>
          <testName>testGetUpdatedDate</testName>
          <skipped>false</skipped>
          <failedSince>0</failedSince>
        </case>
        <case>
          <duration>0.004</duration>
          <className>edu.ncsu.csc.itrust.unit.model.labProcedure.LabProcedureTest</className>
          <testName>testIsRestricted</testName>
          <skipped>false</skipped>
          <failedSince>0</failedSince>
        </case>
        <case>
          <duration>0.0</duration>
          <className>edu.ncsu.csc.itrust.unit.model.labProcedure.LabProcedureTest</className>
          <testName>testSetLabTechnicianID</testName>
          <skipped>false</skipped>
          <failedSince>0</failedSince>
        </case>
      </cases>
    </suite>
    <suite>
      <file>/var/lib/jenkins/workspace/iTrust-Fuzzer/iTrust/target/surefire-reports/TEST-edu.ncsu.csc.itrust.unit.model.labProcedure.LabProcedureValidatorTest.xml</file>
      <name>edu.ncsu.csc.itrust.unit.model.labProcedure.LabProcedureValidatorTest</name>
      <duration>0.031</duration>
      <time>0.031</time>
      <cases>
        <case>
          <duration>0.007</duration>
          <className>edu.ncsu.csc.itrust.unit.model.labProcedure.LabProcedureValidatorTest</className>
          <testName>testInvalidResults</testName>
          <skipped>false</skipped>
          <failedSince>0</failedSince>
        </case>
        <case>
          <duration>0.0</duration>
          <className>edu.ncsu.csc.itrust.unit.model.labProcedure.LabProcedureValidatorTest</className>
          <testName>testInvalidLabTechnicianID</testName>
          <skipped>false</skipped>
          <failedSince>0</failedSince>
        </case>
        <case>
          <duration>0.001</duration>
          <className>edu.ncsu.csc.itrust.unit.model.labProcedure.LabProcedureValidatorTest</className>
          <testName>testInvalidHcpMID</testName>
          <skipped>false</skipped>
          <failedSince>0</failedSince>
        </case>
        <case>
          <duration>0.001</duration>
          <className>edu.ncsu.csc.itrust.unit.model.labProcedure.LabProcedureValidatorTest</className>
          <testName>testInvalidCommentary</testName>
          <skipped>false</skipped>
          <failedSince>0</failedSince>
        </case>
        <case>
          <duration>0.0</duration>
          <className>edu.ncsu.csc.itrust.unit.model.labProcedure.LabProcedureValidatorTest</className>
          <testName>testInvalidConfidenceIntervalLower</testName>
          <skipped>false</skipped>
          <failedSince>0</failedSince>
        </case>
        <case>
          <duration>0.001</duration>
          <className>edu.ncsu.csc.itrust.unit.model.labProcedure.LabProcedureValidatorTest</className>
          <testName>testInvalidConfidenceIntervalUpper</testName>
          <skipped>false</skipped>
          <failedSince>0</failedSince>
        </case>
        <case>
          <duration>0.0</duration>
          <className>edu.ncsu.csc.itrust.unit.model.labProcedure.LabProcedureValidatorTest</className>
          <testName>testInvalidStatus</testName>
          <skipped>false</skipped>
          <failedSince>0</failedSince>
        </case>
        <case>
          <duration>0.001</duration>
          <className>edu.ncsu.csc.itrust.unit.model.labProcedure.LabProcedureValidatorTest</className>
          <testName>testInvalidLabProcedureCode</testName>
          <skipped>false</skipped>
          <failedSince>0</failedSince>
        </case>
        <case>
          <duration>0.0</duration>
          <className>edu.ncsu.csc.itrust.unit.model.labProcedure.LabProcedureValidatorTest</className>
          <testName>testValidLabProcedure</testName>
          <skipped>false</skipped>
          <failedSince>0</failedSince>
        </case>
        <case>
          <duration>0.001</duration>
          <className>edu.ncsu.csc.itrust.unit.model.labProcedure.LabProcedureValidatorTest</className>
          <testName>testInvalidUpdatedDate</testName>
          <skipped>false</skipped>
          <failedSince>0</failedSince>
        </case>
        <case>
          <duration>0.0</duration>
          <className>edu.ncsu.csc.itrust.unit.model.labProcedure.LabProcedureValidatorTest</className>
          <testName>testInvalidLabProcedureID</testName>
          <skipped>false</skipped>
          <failedSince>0</failedSince>
        </case>
        <case>
          <duration>0.0</duration>
          <className>edu.ncsu.csc.itrust.unit.model.labProcedure.LabProcedureValidatorTest</className>
          <testName>testInvalidPriority</testName>
          <skipped>false</skipped>
          <failedSince>0</failedSince>
        </case>
        <case>
          <duration>0.0</duration>
          <className>edu.ncsu.csc.itrust.unit.model.labProcedure.LabProcedureValidatorTest</className>
          <testName>testInvalidOfficeVisitID</testName>
          <skipped>false</skipped>
          <failedSince>0</failedSince>
        </case>
      </cases>
    </suite>
    <suite>
      <file>/var/lib/jenkins/workspace/iTrust-Fuzzer/iTrust/target/surefire-reports/TEST-edu.ncsu.csc.itrust.unit.model.loinccode.LOINCCodeMySQLTest.xml</file>
      <name>edu.ncsu.csc.itrust.unit.model.loinccode.LOINCCodeMySQLTest</name>
      <duration>0.963</duration>
      <time>0.963</time>
      <cases>
        <case>
          <duration>0.178</duration>
          <className>edu.ncsu.csc.itrust.unit.model.loinccode.LOINCCodeMySQLTest</className>
          <testName>testAdd</testName>
          <skipped>false</skipped>
          <failedSince>0</failedSince>
        </case>
        <case>
          <duration>0.123</duration>
          <className>edu.ncsu.csc.itrust.unit.model.loinccode.LOINCCodeMySQLTest</className>
          <testName>testEdit</testName>
          <skipped>false</skipped>
          <failedSince>0</failedSince>
        </case>
        <case>
          <duration>0.144</duration>
          <className>edu.ncsu.csc.itrust.unit.model.loinccode.LOINCCodeMySQLTest</className>
          <testName>testAddInvalid</testName>
          <skipped>false</skipped>
          <failedSince>0</failedSince>
        </case>
        <case>
          <duration>0.077</duration>
          <className>edu.ncsu.csc.itrust.unit.model.loinccode.LOINCCodeMySQLTest</className>
          <testName>testGetByID</testName>
          <skipped>false</skipped>
          <failedSince>0</failedSince>
        </case>
        <case>
          <duration>0.107</duration>
          <className>edu.ncsu.csc.itrust.unit.model.loinccode.LOINCCodeMySQLTest</className>
          <testName>testGetByCode</testName>
          <skipped>false</skipped>
          <failedSince>0</failedSince>
        </case>
        <case>
          <duration>0.087</duration>
          <className>edu.ncsu.csc.itrust.unit.model.loinccode.LOINCCodeMySQLTest</className>
          <testName>testDelete</testName>
          <skipped>false</skipped>
          <failedSince>0</failedSince>
        </case>
        <case>
          <duration>0.245</duration>
          <className>edu.ncsu.csc.itrust.unit.model.loinccode.LOINCCodeMySQLTest</className>
          <testName>testGetAll</testName>
          <skipped>false</skipped>
          <failedSince>0</failedSince>
        </case>
      </cases>
    </suite>
    <suite>
      <file>/var/lib/jenkins/workspace/iTrust-Fuzzer/iTrust/target/surefire-reports/TEST-edu.ncsu.csc.itrust.unit.model.loinccode.LOINCCodeTest.xml</file>
      <name>edu.ncsu.csc.itrust.unit.model.loinccode.LOINCCodeTest</name>
      <duration>0.003</duration>
      <time>0.003</time>
      <cases>
        <case>
          <duration>0.001</duration>
          <className>edu.ncsu.csc.itrust.unit.model.loinccode.LOINCCodeTest</className>
          <testName>testGettersAndSetters</testName>
          <skipped>false</skipped>
          <failedSince>0</failedSince>
        </case>
        <case>
          <duration>0.0</duration>
          <className>edu.ncsu.csc.itrust.unit.model.loinccode.LOINCCodeTest</className>
          <testName>testConstructors</testName>
          <skipped>false</skipped>
          <failedSince>0</failedSince>
        </case>
      </cases>
    </suite>
    <suite>
      <file>/var/lib/jenkins/workspace/iTrust-Fuzzer/iTrust/target/surefire-reports/TEST-edu.ncsu.csc.itrust.unit.model.medicalProcedure.MedicalProcedureMySQLTest.xml</file>
      <name>edu.ncsu.csc.itrust.unit.model.medicalProcedure.MedicalProcedureMySQLTest</name>
      <duration>0.083</duration>
      <time>0.083</time>
      <cases>
        <case>
          <duration>0.082</duration>
          <className>edu.ncsu.csc.itrust.unit.model.medicalProcedure.MedicalProcedureMySQLTest</className>
          <testName>testValids</testName>
          <skipped>false</skipped>
          <failedSince>0</failedSince>
        </case>
      </cases>
    </suite>
    <suite>
      <file>/var/lib/jenkins/workspace/iTrust-Fuzzer/iTrust/target/surefire-reports/TEST-edu.ncsu.csc.itrust.unit.model.medicalProcedure.MedicalProcedureTest.xml</file>
      <name>edu.ncsu.csc.itrust.unit.model.medicalProcedure.MedicalProcedureTest</name>
      <duration>0.002</duration>
      <time>0.002</time>
      <cases>
        <case>
          <duration>0.001</duration>
          <className>edu.ncsu.csc.itrust.unit.model.medicalProcedure.MedicalProcedureTest</className>
          <testName>testFields</testName>
          <skipped>false</skipped>
          <failedSince>0</failedSince>
        </case>
      </cases>
    </suite>
    <suite>
      <file>/var/lib/jenkins/workspace/iTrust-Fuzzer/iTrust/target/surefire-reports/TEST-edu.ncsu.csc.itrust.unit.model.ndcode.NDCCodeMySQLTest.xml</file>
      <name>edu.ncsu.csc.itrust.unit.model.ndcode.NDCCodeMySQLTest</name>
      <duration>0.138</duration>
      <time>0.138</time>
      <cases>
        <case>
          <duration>0.113</duration>
          <className>edu.ncsu.csc.itrust.unit.model.ndcode.NDCCodeMySQLTest</className>
          <testName>testNDCodeMySQL</testName>
          <skipped>false</skipped>
          <failedSince>0</failedSince>
        </case>
        <case>
          <duration>0.015</duration>
          <className>edu.ncsu.csc.itrust.unit.model.ndcode.NDCCodeMySQLTest</className>
          <testName>testProdConstructor</testName>
          <skipped>false</skipped>
          <failedSince>0</failedSince>
        </case>
      </cases>
    </suite>
    <suite>
      <file>/var/lib/jenkins/workspace/iTrust-Fuzzer/iTrust/target/surefire-reports/TEST-edu.ncsu.csc.itrust.unit.model.ndcode.NDCCodeTest.xml</file>
      <name>edu.ncsu.csc.itrust.unit.model.ndcode.NDCCodeTest</name>
      <duration>0.002</duration>
      <time>0.002</time>
      <cases>
        <case>
          <duration>0.002</duration>
          <className>edu.ncsu.csc.itrust.unit.model.ndcode.NDCCodeTest</className>
          <testName>testEverything</testName>
          <skipped>false</skipped>
          <failedSince>0</failedSince>
        </case>
      </cases>
    </suite>
    <suite>
      <file>/var/lib/jenkins/workspace/iTrust-Fuzzer/iTrust/target/surefire-reports/TEST-edu.ncsu.csc.itrust.unit.model.officeVisit.OfficeVisitMySQLTest.xml</file>
      <name>edu.ncsu.csc.itrust.unit.model.officeVisit.OfficeVisitMySQLTest</name>
      <duration>0.297</duration>
      <time>0.297</time>
      <cases>
        <case>
          <duration>0.137</duration>
          <className>edu.ncsu.csc.itrust.unit.model.officeVisit.OfficeVisitMySQLTest</className>
          <testName>testGetPatientDOB</testName>
          <skipped>false</skipped>
          <failedSince>0</failedSince>
        </case>
        <case>
          <duration>0.077</duration>
          <className>edu.ncsu.csc.itrust.unit.model.officeVisit.OfficeVisitMySQLTest</className>
          <testName>testGetPatientDOBWithInvalidDataSource</testName>
          <skipped>false</skipped>
          <failedSince>0</failedSince>
        </case>
        <case>
          <duration>0.079</duration>
          <className>edu.ncsu.csc.itrust.unit.model.officeVisit.OfficeVisitMySQLTest</className>
          <testName>testGetVisitsForPatient</testName>
          <skipped>false</skipped>
          <failedSince>0</failedSince>
        </case>
      </cases>
    </suite>
    <suite>
      <file>/var/lib/jenkins/workspace/iTrust-Fuzzer/iTrust/target/surefire-reports/TEST-edu.ncsu.csc.itrust.unit.model.officeVisit.OfficeVisitSQLLoaderTest.xml</file>
      <name>edu.ncsu.csc.itrust.unit.model.officeVisit.OfficeVisitSQLLoaderTest</name>
      <duration>0.122</duration>
      <time>0.122</time>
      <cases>
        <case>
          <duration>0.109</duration>
          <className>edu.ncsu.csc.itrust.unit.model.officeVisit.OfficeVisitSQLLoaderTest</className>
          <testName>testSetIntOrNull</testName>
          <skipped>false</skipped>
          <failedSince>0</failedSince>
        </case>
        <case>
          <duration>0.005</duration>
          <className>edu.ncsu.csc.itrust.unit.model.officeVisit.OfficeVisitSQLLoaderTest</className>
          <testName>testSetFloatOrNull</testName>
          <skipped>false</skipped>
          <failedSince>0</failedSince>
        </case>
        <case>
          <duration>0.003</duration>
          <className>edu.ncsu.csc.itrust.unit.model.officeVisit.OfficeVisitSQLLoaderTest</className>
          <testName>testGetFloatOrNull</testName>
          <skipped>false</skipped>
          <failedSince>0</failedSince>
        </case>
        <case>
          <duration>0.004</duration>
          <className>edu.ncsu.csc.itrust.unit.model.officeVisit.OfficeVisitSQLLoaderTest</className>
          <testName>testGetIntOrNull</testName>
          <skipped>false</skipped>
          <failedSince>0</failedSince>
        </case>
      </cases>
    </suite>
    <suite>
      <file>/var/lib/jenkins/workspace/iTrust-Fuzzer/iTrust/target/surefire-reports/TEST-edu.ncsu.csc.itrust.unit.model.officeVisit.OfficeVisitTest.xml</file>
      <name>edu.ncsu.csc.itrust.unit.model.officeVisit.OfficeVisitTest</name>
      <duration>0.184</duration>
      <time>0.184</time>
      <cases>
        <case>
          <duration>0.007</duration>
          <className>edu.ncsu.csc.itrust.unit.model.officeVisit.OfficeVisitTest</className>
          <testName>testPatientSmokingStatus</testName>
          <skipped>false</skipped>
          <failedSince>0</failedSince>
        </case>
        <case>
          <duration>0.005</duration>
          <className>edu.ncsu.csc.itrust.unit.model.officeVisit.OfficeVisitTest</className>
          <testName>testHeadCircumference</testName>
          <skipped>false</skipped>
          <failedSince>0</failedSince>
        </case>
        <case>
          <duration>0.006</duration>
          <className>edu.ncsu.csc.itrust.unit.model.officeVisit.OfficeVisitTest</className>
          <testName>testHDL</testName>
          <skipped>false</skipped>
          <failedSince>0</failedSince>
        </case>
        <case>
          <duration>0.012</duration>
          <className>edu.ncsu.csc.itrust.unit.model.officeVisit.OfficeVisitTest</className>
          <testName>testLDL</testName>
          <skipped>false</skipped>
          <failedSince>0</failedSince>
        </case>
        <case>
          <duration>0.012</duration>
          <className>edu.ncsu.csc.itrust.unit.model.officeVisit.OfficeVisitTest</className>
          <testName>testNotes</testName>
          <skipped>false</skipped>
          <failedSince>0</failedSince>
        </case>
        <case>
          <duration>0.008</duration>
          <className>edu.ncsu.csc.itrust.unit.model.officeVisit.OfficeVisitTest</className>
          <testName>testPatient</testName>
          <skipped>false</skipped>
          <failedSince>0</failedSince>
        </case>
        <case>
          <duration>0.005</duration>
          <className>edu.ncsu.csc.itrust.unit.model.officeVisit.OfficeVisitTest</className>
          <testName>testBill</testName>
          <skipped>false</skipped>
          <failedSince>0</failedSince>
        </case>
        <case>
          <duration>0.005</duration>
          <className>edu.ncsu.csc.itrust.unit.model.officeVisit.OfficeVisitTest</className>
          <testName>testDate</testName>
          <skipped>false</skipped>
          <failedSince>0</failedSince>
        </case>
        <case>
          <duration>0.005</duration>
          <className>edu.ncsu.csc.itrust.unit.model.officeVisit.OfficeVisitTest</className>
          <testName>testID</testName>
          <skipped>false</skipped>
          <failedSince>0</failedSince>
        </case>
        <case>
          <duration>0.02</duration>
          <className>edu.ncsu.csc.itrust.unit.model.officeVisit.OfficeVisitTest</className>
          <testName>testHouseholdSmokingStatusDescription</testName>
          <skipped>false</skipped>
          <failedSince>0</failedSince>
        </case>
        <case>
          <duration>0.005</duration>
          <className>edu.ncsu.csc.itrust.unit.model.officeVisit.OfficeVisitTest</className>
          <testName>testHouseholdSmokingStatusDescriptionInvalidID</testName>
          <skipped>false</skipped>
          <failedSince>0</failedSince>
        </case>
        <case>
          <duration>0.006</duration>
          <className>edu.ncsu.csc.itrust.unit.model.officeVisit.OfficeVisitTest</className>
          <testName>testPatientSmokingStatusDescription</testName>
          <skipped>false</skipped>
          <failedSince>0</failedSince>
        </case>
        <case>
          <duration>0.006</duration>
          <className>edu.ncsu.csc.itrust.unit.model.officeVisit.OfficeVisitTest</className>
          <testName>testBloodPressure</testName>
          <skipped>false</skipped>
          <failedSince>0</failedSince>
        </case>
        <case>
          <duration>0.012</duration>
          <className>edu.ncsu.csc.itrust.unit.model.officeVisit.OfficeVisitTest</className>
          <testName>testLocationID</testName>
          <skipped>false</skipped>
          <failedSince>0</failedSince>
        </case>
        <case>
          <duration>0.006</duration>
          <className>edu.ncsu.csc.itrust.unit.model.officeVisit.OfficeVisitTest</className>
          <testName>testHouseholdSmokingStatus</testName>
          <skipped>false</skipped>
          <failedSince>0</failedSince>
        </case>
        <case>
          <duration>0.012</duration>
          <className>edu.ncsu.csc.itrust.unit.model.officeVisit.OfficeVisitTest</className>
          <testName>testApptTypeID</testName>
          <skipped>false</skipped>
          <failedSince>0</failedSince>
        </case>
        <case>
          <duration>0.008</duration>
          <className>edu.ncsu.csc.itrust.unit.model.officeVisit.OfficeVisitTest</className>
          <testName>testHeight</testName>
          <skipped>false</skipped>
          <failedSince>0</failedSince>
        </case>
        <case>
          <duration>0.006</duration>
          <className>edu.ncsu.csc.itrust.unit.model.officeVisit.OfficeVisitTest</className>
          <testName>testLength</testName>
          <skipped>false</skipped>
          <failedSince>0</failedSince>
        </case>
        <case>
          <duration>0.004</duration>
          <className>edu.ncsu.csc.itrust.unit.model.officeVisit.OfficeVisitTest</className>
          <testName>testTriglyceride</testName>
          <skipped>false</skipped>
          <failedSince>0</failedSince>
        </case>
        <case>
          <duration>0.012</duration>
          <className>edu.ncsu.csc.itrust.unit.model.officeVisit.OfficeVisitTest</className>
          <testName>testWeight</testName>
          <skipped>false</skipped>
          <failedSince>0</failedSince>
        </case>
        <case>
          <duration>0.006</duration>
          <className>edu.ncsu.csc.itrust.unit.model.officeVisit.OfficeVisitTest</className>
          <testName>testPatientSmokingStatusDescriptionInvalidID</testName>
          <skipped>false</skipped>
          <failedSince>0</failedSince>
        </case>
      </cases>
    </suite>
    <suite>
      <file>/var/lib/jenkins/workspace/iTrust-Fuzzer/iTrust/target/surefire-reports/TEST-edu.ncsu.csc.itrust.unit.model.officeVisit.OfficeVisitValidatorTest.xml</file>
      <name>edu.ncsu.csc.itrust.unit.model.officeVisit.OfficeVisitValidatorTest</name>
      <duration>1.475</duration>
      <time>1.475</time>
      <cases>
        <case>
          <duration>0.12</duration>
          <className>edu.ncsu.csc.itrust.unit.model.officeVisit.OfficeVisitValidatorTest</className>
          <testName>testValidChild</testName>
          <skipped>false</skipped>
          <failedSince>0</failedSince>
        </case>
        <case>
          <duration>0.084</duration>
          <className>edu.ncsu.csc.itrust.unit.model.officeVisit.OfficeVisitValidatorTest</className>
          <testName>testInvalidHeadCircumference</testName>
          <skipped>false</skipped>
          <failedSince>0</failedSince>
        </case>
        <case>
          <duration>0.081</duration>
          <className>edu.ncsu.csc.itrust.unit.model.officeVisit.OfficeVisitValidatorTest</className>
          <testName>testInvalidTriglyceride</testName>
          <skipped>false</skipped>
          <failedSince>0</failedSince>
        </case>
        <case>
          <duration>0.084</duration>
          <className>edu.ncsu.csc.itrust.unit.model.officeVisit.OfficeVisitValidatorTest</className>
          <testName>testValidOfficeVisit</testName>
          <skipped>false</skipped>
          <failedSince>0</failedSince>
        </case>
        <case>
          <duration>0.088</duration>
          <className>edu.ncsu.csc.itrust.unit.model.officeVisit.OfficeVisitValidatorTest</className>
          <testName>testInvalidApptID</testName>
          <skipped>false</skipped>
          <failedSince>0</failedSince>
        </case>
        <case>
          <duration>0.086</duration>
          <className>edu.ncsu.csc.itrust.unit.model.officeVisit.OfficeVisitValidatorTest</className>
          <testName>testSetNullMID</testName>
          <skipped>false</skipped>
          <failedSince>0</failedSince>
        </case>
        <case>
          <duration>0.079</duration>
          <className>edu.ncsu.csc.itrust.unit.model.officeVisit.OfficeVisitValidatorTest</className>
          <testName>testInvalidHeight</testName>
          <skipped>false</skipped>
          <failedSince>0</failedSince>
        </case>
        <case>
          <duration>0.082</duration>
          <className>edu.ncsu.csc.itrust.unit.model.officeVisit.OfficeVisitValidatorTest</className>
          <testName>testInvalidLength</testName>
          <skipped>false</skipped>
          <failedSince>0</failedSince>
        </case>
        <case>
          <duration>0.092</duration>
          <className>edu.ncsu.csc.itrust.unit.model.officeVisit.OfficeVisitValidatorTest</className>
          <testName>testInvalidWeight</testName>
          <skipped>false</skipped>
          <failedSince>0</failedSince>
        </case>
        <case>
          <duration>0.095</duration>
          <className>edu.ncsu.csc.itrust.unit.model.officeVisit.OfficeVisitValidatorTest</className>
          <testName>testInvalidBloodPressure</testName>
          <skipped>false</skipped>
          <failedSince>0</failedSince>
        </case>
        <case>
          <duration>0.168</duration>
          <className>edu.ncsu.csc.itrust.unit.model.officeVisit.OfficeVisitValidatorTest</className>
          <testName>testSetInvalidHospital</testName>
          <skipped>false</skipped>
          <failedSince>0</failedSince>
        </case>
        <case>
          <duration>0.079</duration>
          <className>edu.ncsu.csc.itrust.unit.model.officeVisit.OfficeVisitValidatorTest</className>
          <testName>testInvalidHDL</testName>
          <skipped>false</skipped>
          <failedSince>0</failedSince>
        </case>
        <case>
          <duration>0.084</duration>
          <className>edu.ncsu.csc.itrust.unit.model.officeVisit.OfficeVisitValidatorTest</className>
          <testName>testInvalidHSS</testName>
          <skipped>false</skipped>
          <failedSince>0</failedSince>
        </case>
        <case>
          <duration>0.083</duration>
          <className>edu.ncsu.csc.itrust.unit.model.officeVisit.OfficeVisitValidatorTest</className>
          <testName>testInvalidLDL</testName>
          <skipped>false</skipped>
          <failedSince>0</failedSince>
        </case>
        <case>
          <duration>0.072</duration>
          <className>edu.ncsu.csc.itrust.unit.model.officeVisit.OfficeVisitValidatorTest</className>
          <testName>testInvalidMID</testName>
          <skipped>false</skipped>
          <failedSince>0</failedSince>
        </case>
        <case>
          <duration>0.082</duration>
          <className>edu.ncsu.csc.itrust.unit.model.officeVisit.OfficeVisitValidatorTest</className>
          <testName>testInvalidPSS</testName>
          <skipped>false</skipped>
          <failedSince>0</failedSince>
        </case>
      </cases>
    </suite>
    <suite>
      <file>/var/lib/jenkins/workspace/iTrust-Fuzzer/iTrust/target/surefire-reports/TEST-edu.ncsu.csc.itrust.unit.model.patient.PatientDataTest.xml</file>
      <name>edu.ncsu.csc.itrust.unit.model.patient.PatientDataTest</name>
      <duration>0.057</duration>
      <time>0.057</time>
      <cases>
        <case>
          <duration>0.037</duration>
          <className>edu.ncsu.csc.itrust.unit.model.patient.PatientDataTest</className>
          <testName>testGetPatient1</testName>
          <skipped>false</skipped>
          <failedSince>0</failedSince>
        </case>
        <case>
          <duration>0.02</duration>
          <className>edu.ncsu.csc.itrust.unit.model.patient.PatientDataTest</className>
          <testName>testGetHCPInstead</testName>
          <skipped>false</skipped>
          <failedSince>0</failedSince>
        </case>
      </cases>
    </suite>
    <suite>
      <file>/var/lib/jenkins/workspace/iTrust-Fuzzer/iTrust/target/surefire-reports/TEST-edu.ncsu.csc.itrust.unit.model.prescription.PrescriptionMySQLTest.xml</file>
      <name>edu.ncsu.csc.itrust.unit.model.prescription.PrescriptionMySQLTest</name>
      <duration>0.858</duration>
      <time>0.858</time>
      <cases>
        <case>
          <duration>0.119</duration>
          <className>edu.ncsu.csc.itrust.unit.model.prescription.PrescriptionMySQLTest</className>
          <testName>testGetPrescriptionsForOfficeVisit</testName>
          <skipped>false</skipped>
          <failedSince>0</failedSince>
        </case>
        <case>
          <duration>0.131</duration>
          <className>edu.ncsu.csc.itrust.unit.model.prescription.PrescriptionMySQLTest</className>
          <testName>testAddUpdateAndDelete</testName>
          <skipped>false</skipped>
          <failedSince>0</failedSince>
        </case>
        <case>
          <duration>0.096</duration>
          <className>edu.ncsu.csc.itrust.unit.model.prescription.PrescriptionMySQLTest</className>
          <testName>testMockGetPrescriptionsForPatientEndingAfter</testName>
          <skipped>false</skipped>
          <failedSince>0</failedSince>
        </case>
        <case>
          <duration>0.074</duration>
          <className>edu.ncsu.csc.itrust.unit.model.prescription.PrescriptionMySQLTest</className>
          <testName>testNoDataSource</testName>
          <skipped>false</skipped>
          <failedSince>0</failedSince>
        </case>
        <case>
          <duration>0.087</duration>
          <className>edu.ncsu.csc.itrust.unit.model.prescription.PrescriptionMySQLTest</className>
          <testName>testGetPrescriptionByID</testName>
          <skipped>false</skipped>
          <failedSince>0</failedSince>
        </case>
        <case>
          <duration>0.081</duration>
          <className>edu.ncsu.csc.itrust.unit.model.prescription.PrescriptionMySQLTest</className>
          <testName>testGetCodeName</testName>
          <skipped>false</skipped>
          <failedSince>0</failedSince>
        </case>
        <case>
          <duration>0.079</duration>
          <className>edu.ncsu.csc.itrust.unit.model.prescription.PrescriptionMySQLTest</className>
          <testName>testMockDataSource</testName>
          <skipped>false</skipped>
          <failedSince>0</failedSince>
        </case>
        <case>
          <duration>0.105</duration>
          <className>edu.ncsu.csc.itrust.unit.model.prescription.PrescriptionMySQLTest</className>
          <testName>testGetPrescriptionsForMID</testName>
          <skipped>false</skipped>
          <failedSince>0</failedSince>
        </case>
        <case>
          <duration>0.084</duration>
          <className>edu.ncsu.csc.itrust.unit.model.prescription.PrescriptionMySQLTest</className>
          <testName>testGetPrescriptionsForPatientEndingAfter</testName>
          <skipped>false</skipped>
          <failedSince>0</failedSince>
        </case>
      </cases>
    </suite>
    <suite>
      <file>/var/lib/jenkins/workspace/iTrust-Fuzzer/iTrust/target/surefire-reports/TEST-edu.ncsu.csc.itrust.unit.model.prescription.PrescriptionTest.xml</file>
      <name>edu.ncsu.csc.itrust.unit.model.prescription.PrescriptionTest</name>
      <duration>0.001</duration>
      <time>0.001</time>
      <cases>
        <case>
          <duration>0.001</duration>
          <className>edu.ncsu.csc.itrust.unit.model.prescription.PrescriptionTest</className>
          <testName>testEverything</testName>
          <skipped>false</skipped>
          <failedSince>0</failedSince>
        </case>
      </cases>
    </suite>
    <suite>
      <file>/var/lib/jenkins/workspace/iTrust-Fuzzer/iTrust/target/surefire-reports/TEST-edu.ncsu.csc.itrust.unit.model.user.UserDataTest.xml</file>
      <name>edu.ncsu.csc.itrust.unit.model.user.UserDataTest</name>
      <duration>0.057</duration>
      <time>0.057</time>
      <cases>
        <case>
          <duration>0.03</duration>
          <className>edu.ncsu.csc.itrust.unit.model.user.UserDataTest</className>
          <testName>testGetPatientUser</testName>
          <skipped>false</skipped>
          <failedSince>0</failedSince>
        </case>
        <case>
          <duration>0.027</duration>
          <className>edu.ncsu.csc.itrust.unit.model.user.UserDataTest</className>
          <testName>testGetHCPUser</testName>
          <skipped>false</skipped>
          <failedSince>0</failedSince>
        </case>
      </cases>
    </suite>
    <suite>
      <file>/var/lib/jenkins/workspace/iTrust-Fuzzer/iTrust/target/surefire-reports/TEST-edu.ncsu.csc.itrust.unit.model.user.UserTest.xml</file>
      <name>edu.ncsu.csc.itrust.unit.model.user.UserTest</name>
      <duration>0.001</duration>
      <time>0.001</time>
      <cases>
        <case>
          <duration>0.0</duration>
          <className>edu.ncsu.csc.itrust.unit.model.user.UserTest</className>
          <testName>testMID</testName>
          <skipped>false</skipped>
          <failedSince>0</failedSince>
        </case>
        <case>
          <duration>0.0</duration>
          <className>edu.ncsu.csc.itrust.unit.model.user.UserTest</className>
          <testName>testRole</testName>
          <skipped>false</skipped>
          <failedSince>0</failedSince>
        </case>
        <case>
          <duration>0.0</duration>
          <className>edu.ncsu.csc.itrust.unit.model.user.UserTest</className>
          <testName>testLastName</testName>
          <skipped>false</skipped>
          <failedSince>0</failedSince>
        </case>
        <case>
          <duration>0.0</duration>
          <className>edu.ncsu.csc.itrust.unit.model.user.UserTest</className>
          <testName>testSmallMID</testName>
          <skipped>false</skipped>
          <failedSince>0</failedSince>
        </case>
        <case>
          <duration>0.0</duration>
          <className>edu.ncsu.csc.itrust.unit.model.user.UserTest</className>
          <testName>testFirstName</testName>
          <skipped>false</skipped>
          <failedSince>0</failedSince>
        </case>
        <case>
          <duration>0.0</duration>
          <className>edu.ncsu.csc.itrust.unit.model.user.UserTest</className>
          <testName>testBigMID</testName>
          <skipped>false</skipped>
          <failedSince>0</failedSince>
        </case>
      </cases>
    </suite>
  </suites>
  <duration>22.422003</duration>
  <keepLongStdio>false</keepLongStdio>
</result>